2020-12-06T13:35:08.717Z [Server Started at Sun Dec 06 2020 19:05:08 GMT+0530 (India Standard Time)] [32minfo[39m: This is development environment, app listening at http://localhost:3000 

2020-12-06T13:35:08.766Z [undefined] [32minfo[39m: Database connected 

2020-12-06T13:59:46.108Z [Server Started at Sun Dec 06 2020 19:29:46 GMT+0530 (India Standard Time)] [32minfo[39m: This is development environment, app listening at http://localhost:3000 

2020-12-06T13:59:46.119Z [undefined] [32minfo[39m: Database connected 

2020-12-06T14:00:11.451Z [Tried with wrong end point] [33mwarn[39m: Access on Mozilla/5.0 (X11; Linux x86_64) AppleWebKit/537.36 (KHTML, like Gecko) Chrome/85.0.4183.121 Safari/537.36  

2020-12-06T14:37:23.936Z [Server Started at Sun Dec 06 2020 20:07:23 GMT+0530 (India Standard Time)] [32minfo[39m: This is development environment, app listening at http://localhost:3000 

2020-12-06T14:37:23.967Z [undefined] [32minfo[39m: Database connected 

2020-12-06T14:37:30.360Z [undefined] [31merror[39m: Cannot read property 'Symbol(mongoose#Document#scope)' of undefined 

2020-12-06T14:38:54.001Z [Server Started at Sun Dec 06 2020 20:08:54 GMT+0530 (India Standard Time)] [32minfo[39m: This is development environment, app listening at http://localhost:3000 

2020-12-06T14:38:54.012Z [undefined] [32minfo[39m: Database connected 

2020-12-06T14:39:47.357Z [undefined] [31merror[39m: Cannot read property 'Symbol(mongoose#Document#scope)' of undefined 

2020-12-06T14:40:18.727Z [Server Started at Sun Dec 06 2020 20:10:18 GMT+0530 (India Standard Time)] [32minfo[39m: This is development environment, app listening at http://localhost:3000 

2020-12-06T14:40:18.740Z [undefined] [32minfo[39m: Database connected 

2020-12-06T14:40:21.252Z [undefined] [31merror[39m: Cannot read property 'Symbol(mongoose#Document#scope)' of undefined 

2020-12-06T14:40:47.280Z [Server Started at Sun Dec 06 2020 20:10:47 GMT+0530 (India Standard Time)] [32minfo[39m: This is development environment, app listening at http://localhost:3000 

2020-12-06T14:40:47.292Z [undefined] [32minfo[39m: Database connected 

2020-12-06T14:43:52.737Z [Server Started at Sun Dec 06 2020 20:13:52 GMT+0530 (India Standard Time)] [32minfo[39m: This is development environment, app listening at http://localhost:3000 

2020-12-06T14:43:52.750Z [undefined] [32minfo[39m: Database connected 

2020-12-06T14:44:14.436Z [undefined] [31merror[39m: document must have an _id before saving 

2020-12-06T14:44:29.059Z [undefined] [31merror[39m: document must have an _id before saving 

2020-12-06T14:47:06.196Z [Server Started at Sun Dec 06 2020 20:17:06 GMT+0530 (India Standard Time)] [32minfo[39m: This is development environment, app listening at http://localhost:3000 

2020-12-06T14:47:06.207Z [undefined] [32minfo[39m: Database connected 

2020-12-06T14:47:12.405Z [undefined] [31merror[39m: document must have an _id before saving 

2020-12-06T14:50:54.982Z [Server Started at Sun Dec 06 2020 20:20:54 GMT+0530 (India Standard Time)] [32minfo[39m: This is development environment, app listening at http://localhost:3000 

2020-12-06T14:50:54.993Z [undefined] [32minfo[39m: Database connected 

2020-12-06T14:50:57.973Z [undefined] [31merror[39m: document must have an _id before saving 

2020-12-06T14:51:11.736Z [Server Started at Sun Dec 06 2020 20:21:11 GMT+0530 (India Standard Time)] [32minfo[39m: This is development environment, app listening at http://localhost:3000 

2020-12-06T14:51:11.748Z [undefined] [32minfo[39m: Database connected 

2020-12-06T14:51:13.579Z [undefined] [31merror[39m: document must have an _id before saving 

2020-12-06T14:53:12.617Z [Server Started at Sun Dec 06 2020 20:23:12 GMT+0530 (India Standard Time)] [32minfo[39m: This is development environment, app listening at http://localhost:3000 

2020-12-06T14:53:12.628Z [undefined] [32minfo[39m: Database connected 

2020-12-06T14:53:23.738Z [undefined] [31merror[39m: E11000 duplicate key error collection: smsindia.datas index: id_1 dup key: { id: 2 } 

2020-12-06T14:55:29.122Z [Server Started at Sun Dec 06 2020 20:25:29 GMT+0530 (India Standard Time)] [32minfo[39m: This is development environment, app listening at http://localhost:3000 

2020-12-06T14:55:29.132Z [undefined] [32minfo[39m: Database connected 

2020-12-06T14:55:54.814Z [Server Started at Sun Dec 06 2020 20:25:54 GMT+0530 (India Standard Time)] [32minfo[39m: This is development environment, app listening at http://localhost:3000 

2020-12-06T14:55:54.825Z [undefined] [32minfo[39m: Database connected 

2020-12-06T14:56:11.230Z [Server Started at Sun Dec 06 2020 20:26:11 GMT+0530 (India Standard Time)] [32minfo[39m: This is development environment, app listening at http://localhost:3000 

2020-12-06T14:56:11.242Z [undefined] [32minfo[39m: Database connected 

2020-12-06T14:56:32.052Z [Server Started at Sun Dec 06 2020 20:26:32 GMT+0530 (India Standard Time)] [32minfo[39m: This is development environment, app listening at http://localhost:3000 

2020-12-06T14:56:32.062Z [undefined] [32minfo[39m: Database connected 

2020-12-06T14:59:09.020Z [Server Started at Sun Dec 06 2020 20:29:09 GMT+0530 (India Standard Time)] [32minfo[39m: This is development environment, app listening at http://localhost:3000 

2020-12-06T14:59:09.032Z [undefined] [32minfo[39m: Database connected 

2020-12-06T14:59:53.745Z [Server Started at Sun Dec 06 2020 20:29:53 GMT+0530 (India Standard Time)] [32minfo[39m: This is development environment, app listening at http://localhost:3000 

2020-12-06T14:59:53.755Z [undefined] [32minfo[39m: Database connected 

2020-12-06T15:00:52.889Z [Server Started at Sun Dec 06 2020 20:30:52 GMT+0530 (India Standard Time)] [32minfo[39m: This is development environment, app listening at http://localhost:3000 

2020-12-06T15:00:52.900Z [undefined] [32minfo[39m: Database connected 

2020-12-06T15:04:31.752Z [Server Started at Sun Dec 06 2020 20:34:31 GMT+0530 (India Standard Time)] [32minfo[39m: This is development environment, app listening at http://localhost:3000 

2020-12-06T15:04:31.764Z [undefined] [32minfo[39m: Database connected 

2020-12-06T15:07:06.175Z [Server Started at Sun Dec 06 2020 20:37:06 GMT+0530 (India Standard Time)] [32minfo[39m: This is development environment, app listening at http://localhost:3000 

2020-12-06T15:07:06.187Z [undefined] [32minfo[39m: Database connected 

2020-12-06T15:07:14.897Z [undefined] [31merror[39m: id is not defined 

2020-12-06T15:07:37.586Z [Server Started at Sun Dec 06 2020 20:37:37 GMT+0530 (India Standard Time)] [32minfo[39m: This is development environment, app listening at http://localhost:3000 

2020-12-06T15:07:37.597Z [undefined] [32minfo[39m: Database connected 

2020-12-06T15:07:39.815Z [undefined] [31merror[39m: E11000 duplicate key error collection: smsindia.datas index: id_1 dup key: { id: 2 } 

2020-12-06T15:12:05.214Z [Server Started at Sun Dec 06 2020 20:42:05 GMT+0530 (India Standard Time)] [32minfo[39m: This is development environment, app listening at http://localhost:3000 

2020-12-06T15:12:05.226Z [undefined] [32minfo[39m: Database connected 

2020-12-06T15:12:09.643Z [undefined] [31merror[39m: data.findOneAndUpdate is not a function 

2020-12-06T15:13:29.972Z [Server Started at Sun Dec 06 2020 20:43:29 GMT+0530 (India Standard Time)] [32minfo[39m: This is development environment, app listening at http://localhost:3000 

2020-12-06T15:13:29.983Z [undefined] [32minfo[39m: Database connected 

2020-12-06T15:13:32.614Z [undefined] [31merror[39m: E11000 duplicate key error collection: smsindia.datas index: id_1 dup key: { id: 2 } 

2020-12-06T15:14:49.594Z [Server Started at Sun Dec 06 2020 20:44:49 GMT+0530 (India Standard Time)] [32minfo[39m: This is development environment, app listening at http://localhost:3000 

2020-12-06T15:14:49.605Z [undefined] [32minfo[39m: Database connected 

2020-12-06T15:16:57.477Z [Server Started at Sun Dec 06 2020 20:46:57 GMT+0530 (India Standard Time)] [32minfo[39m: This is development environment, app listening at http://localhost:3000 

2020-12-06T15:16:57.489Z [undefined] [32minfo[39m: Database connected 

2020-12-06T15:21:47.243Z [Server Started at Sun Dec 06 2020 20:51:47 GMT+0530 (India Standard Time)] [32minfo[39m: This is development environment, app listening at http://localhost:3000 

2020-12-06T15:21:47.255Z [undefined] [32minfo[39m: Database connected 

2020-12-06T15:22:21.612Z [undefined] [31merror[39m: E11000 duplicate key error collection: smsindia.datas index: id_1 dup key: { id: 1 } 

2020-12-06T15:23:17.641Z [Server Started at Sun Dec 06 2020 20:53:17 GMT+0530 (India Standard Time)] [32minfo[39m: This is development environment, app listening at http://localhost:3000 

2020-12-06T15:23:17.652Z [undefined] [32minfo[39m: Database connected 

2020-12-06T15:23:45.978Z [Server Started at Sun Dec 06 2020 20:53:45 GMT+0530 (India Standard Time)] [32minfo[39m: This is development environment, app listening at http://localhost:3000 

2020-12-06T15:23:45.988Z [undefined] [32minfo[39m: Database connected 

2020-12-06T15:24:12.883Z [Server Started at Sun Dec 06 2020 20:54:12 GMT+0530 (India Standard Time)] [32minfo[39m: This is development environment, app listening at http://localhost:3000 

2020-12-06T15:24:12.895Z [undefined] [32minfo[39m: Database connected 

2020-12-06T15:24:38.124Z [Server Started at Sun Dec 06 2020 20:54:38 GMT+0530 (India Standard Time)] [32minfo[39m: This is development environment, app listening at http://localhost:3000 

2020-12-06T15:24:38.136Z [undefined] [32minfo[39m: Database connected 

2020-12-06T15:26:26.016Z [Server Started at Sun Dec 06 2020 20:56:26 GMT+0530 (India Standard Time)] [32minfo[39m: This is development environment, app listening at http://localhost:3000 

2020-12-06T15:26:26.027Z [undefined] [32minfo[39m: Database connected 

2020-12-06T15:32:57.138Z [Server Started at Sun Dec 06 2020 21:02:57 GMT+0530 (India Standard Time)] [32minfo[39m: This is development environment, app listening at http://localhost:3000 

2020-12-06T15:32:57.150Z [undefined] [32minfo[39m: Database connected 

2020-12-06T15:34:32.949Z [Server Started at Sun Dec 06 2020 21:04:32 GMT+0530 (India Standard Time)] [32minfo[39m: This is development environment, app listening at http://localhost:3000 

2020-12-06T15:34:32.961Z [undefined] [32minfo[39m: Database connected 

2020-12-06T15:37:52.563Z [Server Started at Sun Dec 06 2020 21:07:52 GMT+0530 (India Standard Time)] [32minfo[39m: This is development environment, app listening at http://localhost:3000 

2020-12-06T15:37:52.576Z [undefined] [32minfo[39m: Database connected 

2020-12-06T15:44:19.083Z [Server Started at Sun Dec 06 2020 21:14:19 GMT+0530 (India Standard Time)] [32minfo[39m: This is development environment, app listening at http://localhost:3000 

2020-12-06T15:44:19.095Z [undefined] [32minfo[39m: Database connected 

2020-12-06T16:03:48.165Z [Server Started at Sun Dec 06 2020 21:33:48 GMT+0530 (India Standard Time)] [32minfo[39m: This is development environment, app listening at http://localhost:3000 

2020-12-06T16:03:48.226Z [undefined] [32minfo[39m: Database connected 

2020-12-06T16:04:29.149Z [Server Started at Sun Dec 06 2020 21:34:29 GMT+0530 (India Standard Time)] [32minfo[39m: This is development environment, app listening at http://localhost:3000 

2020-12-06T16:09:57.108Z [Server Started at Sun Dec 06 2020 21:39:57 GMT+0530 (India Standard Time)] [32minfo[39m: This is development environment, app listening at http://localhost:3000 

2020-12-06T16:10:47.506Z [Server Started at Sun Dec 06 2020 21:40:47 GMT+0530 (India Standard Time)] [32minfo[39m: This is development environment, app listening at http://localhost:3000 

2020-12-06T16:11:08.369Z [Server Started at Sun Dec 06 2020 21:41:08 GMT+0530 (India Standard Time)] [32minfo[39m: This is development environment, app listening at http://localhost:3000 

2020-12-06T16:11:23.796Z [Server Started at Sun Dec 06 2020 21:41:23 GMT+0530 (India Standard Time)] [32minfo[39m: This is development environment, app listening at http://localhost:3000 

2020-12-06T16:22:04.786Z [Server Started at Sun Dec 06 2020 21:52:04 GMT+0530 (India Standard Time)] [32minfo[39m: This is development environment, app listening at http://localhost:3000 

2020-12-06T16:22:53.933Z [Server Started at Sun Dec 06 2020 21:52:53 GMT+0530 (India Standard Time)] [32minfo[39m: This is development environment, app listening at http://localhost:3000 

2020-12-06T16:23:24.551Z [Server Started at Sun Dec 06 2020 21:53:24 GMT+0530 (India Standard Time)] [32minfo[39m: This is development environment, app listening at http://localhost:3000 

2020-12-06T16:35:05.941Z [Server Started at Sun Dec 06 2020 22:05:05 GMT+0530 (India Standard Time)] [32minfo[39m: This is development environment, app listening at http://localhost:3000 

2020-12-06T16:35:05.955Z [undefined] [32minfo[39m: Database connected 

2020-12-06T16:35:06.183Z [Wait seeding some data] [32minfo[39m: Data Seeding 

2020-12-06T16:35:51.823Z [Server Started at Sun Dec 06 2020 22:05:51 GMT+0530 (India Standard Time)] [32minfo[39m: This is development environment, app listening at http://localhost:3000 

2020-12-06T16:35:51.835Z [undefined] [32minfo[39m: Database connected 

2020-12-06T16:35:52.033Z [Wait seeding some data] [32minfo[39m: Data Seeding 

2020-12-06T17:03:37.001Z [Server Started at Sun Dec 06 2020 22:33:37 GMT+0530 (India Standard Time)] [32minfo[39m: This is development environment, app listening at http://localhost:3000 

2020-12-06T17:03:37.014Z [undefined] [32minfo[39m: Database connected 

2020-12-06T17:04:11.202Z [Server Started at Sun Dec 06 2020 22:34:11 GMT+0530 (India Standard Time)] [32minfo[39m: This is development environment, app listening at http://localhost:3000 

2020-12-06T17:04:11.215Z [undefined] [32minfo[39m: Database connected 

2020-12-06T17:04:11.428Z [Wait reading data.json file and seeding in DB] [32minfo[39m: Data Seeding 

2020-12-06T17:04:11.429Z [Update document requires atomic operators] [31merror[39m: Data insertion Error 

2020-12-06T17:09:01.975Z [Server Started at Sun Dec 06 2020 22:39:01 GMT+0530 (India Standard Time)] [32minfo[39m: This is development environment, app listening at http://localhost:3000 

2020-12-06T17:09:01.987Z [undefined] [32minfo[39m: Database connected 

2020-12-06T17:09:02.212Z [Wait reading data.json file and seeding in DB] [32minfo[39m: Data Seeding 

2020-12-06T17:09:02.522Z [E11000 duplicate key error collection: smsindia.datas index: id_1 dup key: { id: 1 }] [31merror[39m: Data insertion Error 

2020-12-06T17:10:24.881Z [Server Started at Sun Dec 06 2020 22:40:24 GMT+0530 (India Standard Time)] [32minfo[39m: This is development environment, app listening at http://localhost:3000 

2020-12-06T17:10:24.893Z [undefined] [32minfo[39m: Database connected 

2020-12-06T17:10:25.124Z [Wait reading data.json file and seeding in DB] [32minfo[39m: Data Seeding 

2020-12-06T17:10:25.459Z [Data seeding completed successfully !!] [32minfo[39m: Data Seeding 

2020-12-06T17:11:00.026Z [Server Started at Sun Dec 06 2020 22:41:00 GMT+0530 (India Standard Time)] [32minfo[39m: This is development environment, app listening at http://localhost:3000 

2020-12-06T17:11:00.040Z [undefined] [32minfo[39m: Database connected 

2020-12-06T17:44:14.194Z [Server Started at Sun Dec 06 2020 23:14:14 GMT+0530 (India Standard Time)] [32minfo[39m: This is development environment, app listening at http://localhost:3000 

2020-12-06T17:44:14.212Z [undefined] [32minfo[39m: Database connected 

2020-12-06T20:35:41.877Z [Tried with wrong end point] [33mwarn[39m: Access on Mozilla/5.0 (X11; Linux x86_64) AppleWebKit/537.36 (KHTML, like Gecko) Chrome/85.0.4183.121 Safari/537.36  

2020-12-06T20:35:41.955Z [Tried with wrong end point] [33mwarn[39m: Access on Mozilla/5.0 (X11; Linux x86_64) AppleWebKit/537.36 (KHTML, like Gecko) Chrome/85.0.4183.121 Safari/537.36  

2020-12-06T20:35:41.971Z [Tried with wrong end point] [33mwarn[39m: Access on Mozilla/5.0 (X11; Linux x86_64) AppleWebKit/537.36 (KHTML, like Gecko) Chrome/85.0.4183.121 Safari/537.36  

2020-12-06T20:37:44.696Z [Server Started at Mon Dec 07 2020 02:07:44 GMT+0530 (India Standard Time)] [32minfo[39m: This is development environment, app listening at http://localhost:3000 

2020-12-06T20:37:44.733Z [undefined] [32minfo[39m: Database connected 

2020-12-06T22:55:18.911Z [Server Started at Mon Dec 07 2020 04:25:18 GMT+0530 (India Standard Time)] [32minfo[39m: This is development environment, app listening at http://localhost:3000 

2020-12-06T22:55:18.924Z [undefined] [32minfo[39m: Database connected 

